{"level":"silly","message":"imprimo silly"}
{"level":"debug","message":"imprimo debug"}
{"level":"verbose","message":"imprimo verbose"}
{"level":"info","message":"imprimo info"}
{"level":"http","message":"imprimo http"}
{"level":"warn","message":"imprimo warn"}
{"level":"error","message":"imprimo error"}
{"level":"silly","message":"imprimo silly"}
{"level":"debug","message":"imprimo debug"}
{"level":"verbose","message":"imprimo verbose"}
{"level":"http","message":"imprimo http"}
{"level":"info","message":"imprimo info"}
{"level":"warn","message":"imprimo warn"}
{"level":"error","message":"imprimo error"}
{"level":"silly","message":"imprimo silly"}
{"level":"debug","message":"imprimo debug"}
{"level":"verbose","message":"imprimo verbose"}
{"level":"http","message":"imprimo http"}
{"level":"info","message":"imprimo info"}
{"level":"warn","message":"imprimo warn"}
{"level":"error","message":"imprimo error"}
